<?xml version="1.0" encoding="UTF-8"?>
<!-- Generated by org.testng.reporters.JUnitReportReporter -->
<testsuite skipped="0" hostname="DESKTOP-77QS9N5" name="testng.T" tests="2" failures="0" timestamp="2022-03-31T11:44:55 IST" time="0.021" errors="0">
  <testcase name="test2" time="0.002" classname="testng.T"/>
  <system-out/>
  <testcase name="test1" time="0.019" classname="testng.T"/>
  <system-out/>
</testsuite> <!-- testng.T -->
